1719850954998:help
1719851216409:hello
1719915789833:help
1719915806215:hey
1719915818753:hey Roman
1719915831554:hey --name Roman
1719915933681:help
1719915962235:hey -n Roman
1719915966778:hey N roman
1719915973611:hey --N roman
1719915985828:hey -N Roman
1719916040656:help
1719916501533:you privet
1719916952853:help
1719917332286:testKey -n Roman
1719917337326:testKey --name Roman
1719917531559:testKey --name
1719917590090:help
1719917596089:testKey help
1719917603802:testKey --help
1719917707526:help testKey
1719917868364:help
1719917877779:testKey --name Roman Zemchenkov
1719917892189:testKey --name Roman Zemchenkov Edd
1719918051426:help
1719918514489:hey --name Roman
1719918533282:registration
1719918544987:regisrtation registration
1719918557843:registation --registration
1719918570644:registration --registration
1719918577532:hey --name Roman
1719923250273:help
1719923330817:connection -c
1719923334456:help
1719923343545:testKey -n Roman Roman
1719923346320:close
1719923349264:quit
1719924586242:help
1719924593042:registration -r
1719924603546:hey --name
1719924611218:hey -name
1719924617857:hey -N
1719924628217:hey --name Roman
1719924634730:hey --name
1719924716228:registration -r
1719924721338:hey --name
1719925961322:help
1719925972969:connection -c
1719925981377:testKey -n
1719925994560:help
1719926007305:testKey --name
1719926126761:ff
1719926146698:testKey -n An f
1719926153346:testKey -n
1719926316540:help
1719926320523:quit
1719926461836:registration -r
1719926474531:hey -h
